;  LST file generated by mikroListExporter - v.2.0 
; Date/Time: 06/09/2018 15:42:31
;----------------------------------------------

;Address Opcode 	ASM
0x0000	0xF000EF45  	GOTO        138
0x0004	0x0000      	NOP
0x0006	0x0000      	NOP
0x0008	0xF000EF00  	GOTO        0
0x000C	0x0000      	NOP
0x000E	0x0000      	NOP
0x0010	0x0000      	NOP
0x0012	0x0000      	NOP
0x0014	0x0000      	NOP
0x0016	0x0000      	NOP
0x0018	0xD7F3      	BRA         0
_chave:
;Define.c,125 :: 		void chave(){
;Define.c,129 :: 		if(CHAVE==1){
0x001C	0xA881      	BTFSS       PORTB, 4 
0x001E	0xD005      	BRA         L_chave7
;Define.c,131 :: 		LEDVERMELHO=1;
0x0020	0x8A81      	BSF         PORTB, 5 
;Define.c,132 :: 		LEDAMARELO=0;
0x0022	0x9C81      	BCF         PORTB, 6 
;Define.c,133 :: 		LEDVERDE=0;
0x0024	0x9E81      	BCF         PORTB, 7 
;Define.c,134 :: 		amarelo=0;
0x0026	0x6A01      	CLRF        R1 
0x0028	0x6A02      	CLRF        R2 
;Define.c,136 :: 		}
L_chave7:
;Define.c,137 :: 		if(CHAVE==0 && amarelo==0){
0x002A	0xB881      	BTFSC       PORTB, 4 
0x002C	0xD01B      	BRA         L_chave10
0x002E	0x0E00      	MOVLW       0
0x0030	0x1802      	XORWF       R2, 0 
0x0032	0xE102      	BNZ         L__chave42
0x0034	0x0E00      	MOVLW       0
0x0036	0x1801      	XORWF       R1, 0 
L__chave42:
0x0038	0xE115      	BNZ         L_chave10
L__chave36:
;Define.c,138 :: 		LEDVERMELHO=0;
0x003A	0x9A81      	BCF         PORTB, 5 
;Define.c,139 :: 		LEDAMARELO=1;
0x003C	0x8C81      	BSF         PORTB, 6 
;Define.c,140 :: 		delay_ms(1000);
0x003E	0x0E06      	MOVLW       6
0x0040	0x6E0B      	MOVWF       R11, 0
0x0042	0x0E13      	MOVLW       19
0x0044	0x6E0C      	MOVWF       R12, 0
0x0046	0x0EAD      	MOVLW       173
0x0048	0x6E0D      	MOVWF       R13, 0
L_chave11:
0x004A	0x2E0D      	DECFSZ      R13, 1, 0
0x004C	0xD7FE      	BRA         L_chave11
0x004E	0x2E0C      	DECFSZ      R12, 1, 0
0x0050	0xD7FC      	BRA         L_chave11
0x0052	0x2E0B      	DECFSZ      R11, 1, 0
0x0054	0xD7FA      	BRA         L_chave11
0x0056	0x0000      	NOP
0x0058	0x0000      	NOP
;Define.c,141 :: 		LEDAMARELO=0;
0x005A	0x9C81      	BCF         PORTB, 6 
;Define.c,142 :: 		amarelo=1;
0x005C	0x0E01      	MOVLW       1
0x005E	0x6E01      	MOVWF       R1 
0x0060	0x0E00      	MOVLW       0
0x0062	0x6E02      	MOVWF       R2 
;Define.c,144 :: 		}
L_chave10:
;Define.c,145 :: 		if(CHAVE==0 && amarelo==1){
0x0064	0xB881      	BTFSC       PORTB, 4 
0x0066	0xD008      	BRA         L_chave14
0x0068	0x0E00      	MOVLW       0
0x006A	0x1802      	XORWF       R2, 0 
0x006C	0xE102      	BNZ         L__chave43
0x006E	0x0E01      	MOVLW       1
0x0070	0x1801      	XORWF       R1, 0 
L__chave43:
0x0072	0xE102      	BNZ         L_chave14
L__chave35:
;Define.c,146 :: 		LEDAMARELO=0;
0x0074	0x9C81      	BCF         PORTB, 6 
;Define.c,147 :: 		LEDVERDE=1;
0x0076	0x8E81      	BSF         PORTB, 7 
;Define.c,148 :: 		}
L_chave14:
;Define.c,152 :: 		}
L_end_chave:
0x0078	0x0012      	RETURN      0
; end of _chave
___CC2DW:
;__Lib_System.c,21 :: 		
;__Lib_System.c,23 :: 		
_CC2DL_Loop1:
;__Lib_System.c,24 :: 		
0x007A	0x0009      	TBLRD*+
;__Lib_System.c,25 :: 		
0x007C	0xFFE6CFF5  	MOVFF       TABLAT, POSTINC1
;__Lib_System.c,26 :: 		
0x0080	0x0600      	DECF        R0, 1, 0
;__Lib_System.c,27 :: 		
0x0082	0xE1FB      	BNZ         _CC2DL_Loop1
;__Lib_System.c,28 :: 		
0x0084	0x0601      	DECF        R1, 1, 0
;__Lib_System.c,29 :: 		
0x0086	0xE1F9      	BNZ         _CC2DL_Loop1
;__Lib_System.c,31 :: 		
L_end___CC2DW:
0x0088	0x0012      	RETURN      0
; end of ___CC2DW
_main:
;Define.c,308 :: 		void main() {
;Define.c,309 :: 		ADCON1|=0X0F;
0x008A	0x0E0F      	MOVLW       15
0x008C	0x12C1      	IORWF       ADCON1, 1 
;Define.c,310 :: 		TRISB.RB0=1;
0x008E	0x8093      	BSF         TRISB, 0 
;Define.c,311 :: 		TRISB.RB1=1;
0x0090	0x8293      	BSF         TRISB, 1 
;Define.c,312 :: 		TRISB.RB2=1;
0x0092	0x8493      	BSF         TRISB, 2 
;Define.c,313 :: 		PORTB.RB0=1;
0x0094	0x8081      	BSF         PORTB, 0 
;Define.c,314 :: 		PORTB.RB1=1;
0x0096	0x8281      	BSF         PORTB, 1 
;Define.c,315 :: 		PORTB.RB2=1;
0x0098	0x8481      	BSF         PORTB, 2 
;Define.c,316 :: 		PORTB.RB4=1;
0x009A	0x8881      	BSF         PORTB, 4 
;Define.c,318 :: 		TRISD=0;
0x009C	0x6A95      	CLRF        TRISD 
;Define.c,319 :: 		TRISB.RB5=0;
0x009E	0x9A93      	BCF         TRISB, 5 
;Define.c,320 :: 		TRISB.RB6=0;
0x00A0	0x9C93      	BCF         TRISB, 6 
;Define.c,321 :: 		TRISB.RB7=0;
0x00A2	0x9E93      	BCF         TRISB, 7 
;Define.c,322 :: 		PORTD=0;
0x00A4	0x6A83      	CLRF        PORTD 
;Define.c,323 :: 		LEDAMARELO=0;
0x00A6	0x9C81      	BCF         PORTB, 6 
;Define.c,324 :: 		LEDVERMELHO=0;
0x00A8	0x9A81      	BCF         PORTB, 5 
;Define.c,325 :: 		LEDVERDE=0;
0x00AA	0x9E81      	BCF         PORTB, 7 
;Define.c,328 :: 		PORTD=0;
0x00AC	0x6A83      	CLRF        PORTD 
;Define.c,329 :: 		TRISC=0;
0x00AE	0x6A94      	CLRF        TRISC 
;Define.c,330 :: 		TRISC.RC0=0;
0x00B0	0x9094      	BCF         TRISC, 0 
;Define.c,331 :: 		TRISC.RC1=0;
0x00B2	0x9294      	BCF         TRISC, 1 
;Define.c,336 :: 		while(1){
L_main33:
;Define.c,338 :: 		chave();
0x00B4	0xDFB3      	RCALL       _chave
;Define.c,344 :: 		}
0x00B6	0xD7FE      	BRA         L_main33
;Define.c,346 :: 		}
L_end_main:
0x00B8	0xD7FF      	BRA         $+0
; end of _main
Symbol List:
//** Routines locations **
//ADDRESS    SIZE    PROCEDURE
//----------------------------------------------
0x001C      [94]    _chave
0x007A      [16]    ___CC2DW
0x008A      [48]    _main
//** Variables locations ** 
//ADDRESS    SIZE    VARIABLE
//----------------------------------------------
0x0000       [1]    R0
0x0000       [1]    UART1_Init_tmp_L0
0x0001       [1]    R1
0x0001       [2]    chave_amarelo_L0
0x0001       [1]    UART1_Read___tmp_UART1_Read_L0
0x0002       [1]    R2
0x0002       [2]    memcpy_dd_L0
0x0002       [2]    memchr_s_L0
0x0002       [2]    strlen_cp_L0
0x0002       [2]    memset_pp_L0
0x0003       [2]    Ltrim_original_L0
0x0003       [2]    memmove_tt_L0
0x0003       [1]    R3
0x0004       [2]    strncpy_cp_L0
0x0004       [2]    strcat_cp_L0
0x0004       [2]    strncat_cp_L0
0x0004       [2]    memcpy_ss_L0
0x0004       [1]    R4
0x0004       [2]    strcpy_cp_L0
0x0005       [2]    Ltrim_p_L0
0x0005       [2]    memmove_ff_L0
0x0005       [2]    LongWordToHex_input_half_L0
0x0005       [1]    R5
0x0005       [2]    LongIntToHex_input_half_L0
0x0006       [1]    R6
0x0007       [1]    R7
0x0008       [1]    R8
0x0009       [1]    R9
0x000A       [1]    R10
0x000B       [1]    R11
0x000C       [1]    R12
0x000D       [1]    R13
0x000E       [1]    R14
0x000F       [1]    R15
0x0010       [1]    R16
0x0011       [1]    R17
0x0012       [1]    R18
0x0013       [1]    R19
0x0014       [1]    R20
0x0F81       [1]    PORTB
0x0F83       [1]    PORTD
0x0F93       [1]    TRISB
0x0F94       [1]    TRISC
0x0F95       [1]    TRISD
0x0FC1       [1]    ADCON1
0x0FD8       [1]    STATUS
0x0FD9       [1]    FSR2L
0x0FDA       [1]    FSR2H
0x0FDE       [1]    POSTINC2
0x0FE0       [1]    BSR
0x0FE1       [1]    FSR1L
0x0FE2       [1]    FSR1H
0x0FE4       [1]    PREINC1
0x0FE6       [1]    POSTINC1
0x0FE7       [1]    INDF1
0x0FE8       [1]    WREG
0x0FE9       [1]    FSR0L
0x0FEA       [1]    FSR0H
0x0FEE       [1]    POSTINC0
0x0FF3       [1]    PRODL
0x0FF4       [1]    PRODH
0x0FF5       [1]    TABLAT
0x0FF6       [1]    TBLPTRL
0x0FF7       [1]    TBLPTRH
0x0FF8       [1]    TBLPTRU
//** Label List: ** 
//----------------------------------------------
  L_TesteInfra10
  L_TesteInfra11
  L_TesteInfra12
  L_TesteInfra13
  L_TesteInfra24
  L_TesteInfra25
  L_TesteInfra26
  L_chave7
  L_chave8
  L_chave9
  L_chave10
  L_chave11
  L_chave12
  L_chave13
  L_chave14
  L_leds15
  L_leds16
  L_leds17
  L_leds18
  L_motoresInfra19
  L_motoresInfra20
  L_motoresInfra21
  L_motoresInfra22
  L_motoresInfra23
  L_motoresInfra24
  L_motoresInfra25
  L_motoresInfra26
  L_motoresInfra27
  L_motores5s28
  L_motores5s29
  L_motores5s30
  L_pwm31
  L_pwm32
  L_main33
  L_main34
  L__chave35
  L__chave36
  L__motoresInfra37
  L__motoresInfra38
  L_end_TesteInfra1
  _TesteInfra1
  L_end_TesteInfra2
  _TesteInfra2
  L_end_chave
  _chave
  L__chave42
  L__chave43
  L_end_leds
  _leds
  L_end_motoresInfra
  _motoresInfra
  L__motoresInfra46
  L__motoresInfra47
  L__motoresInfra48
  L__motoresInfra49
  L__motoresInfra50
  L__motoresInfra51
  L__motoresInfra52
  L__motoresInfra53
  L__motoresInfra54
  L__motoresInfra55
  L_end_motores5s
  _motores5s
  L_end_pwm
  _pwm
  L_end_main
  _main
  _CC2D_Loop1
  _CC2DL_Loop1
  L_loopCA2AWs
  L_loopCCA2AWs
  L_loopCS2Ss
  L_CS2Send
  L_loopCCS2Ss
  L_CCS2Send
  L_loopFZinSWs
  L_longjmp7
  L_end___CC2D
  ___CC2D
  L_end___CC2DW
  ___CC2DW
  L_end___CA2AW
  ___CA2AW
  L_end___CCA2AW
  ___CCA2AW
  L_end___CS2S
  ___CS2S
  L_end___CCS2S
  ___CCS2S
  L_end___FZinS
  ___FZinS
  L_end_____DoIFC
  _____DoIFC
  L_end_Swap
  _Swap
  L_end_setjmp
  _setjmp
  L_end_longjmp
  _longjmp
